<?xml version="1.0" encoding="UTF-8"?>
<testng-results skipped="0" failed="0" total="1" passed="1">
  <reporter-output>
  </reporter-output>
  <suite name="Default suite" duration-ms="6705" started-at="2018-07-09T18:41:09Z" finished-at="2018-07-09T18:41:16Z">
    <groups>
    </groups>
    <test name="Default test" duration-ms="6705" started-at="2018-07-09T18:41:09Z" finished-at="2018-07-09T18:41:16Z">
      <class name="com.qait.given_assignment.Test2.Test2">
        <test-method status="PASS" signature="launch_Browser()[pri:0, instance:com.qait.given_assignment.Test2.Test2@735b5592]" name="launch_Browser" is-config="true" duration-ms="6097" started-at="2018-07-09T11:41:09Z" finished-at="2018-07-09T11:41:15Z">
          <reporter-output>
          </reporter-output>
        </test-method> <!-- launch_Browser -->
        <test-method status="PASS" signature="test_case4()[pri:0, instance:com.qait.given_assignment.Test2.Test2@735b5592]" name="test_case4" duration-ms="571" started-at="2018-07-09T11:41:15Z" finished-at="2018-07-09T11:41:16Z">
          <reporter-output>
          </reporter-output>
        </test-method> <!-- test_case4 -->
      </class> <!-- com.qait.given_assignment.Test2.Test2 -->
    </test> <!-- Default test -->
  </suite> <!-- Default suite -->
</testng-results>
